[35m[Appium][39m Welcome to Appium v1.22.3
[35m[Appium][39m Non-default server args:
[35m[Appium][39m   port: 56279
[35m[Appium][39m   loglevel: info
[35m[Appium][39m   tmpDir: C:\Users\Dony\AppData\Local\Temp\\Katalon\Appium\Temp1658104903685
[35m[Appium][39m   chromedriverPort: 56280
[35m[Appium][39m Deprecated server args:
[35m[Appium][39m   [31m--chromedriver-port[39m => --default-capabilities
[35m[Appium][39m Default capabilities, which will be added to each request unless overridden by desired capabilities:
[35m[Appium][39m   chromedriverPort: 56280
[35m[Appium][39m Appium REST http interface listener started on 0.0.0.0:56279
[35m[HTTP][39m [37m-->[39m [37mGET[39m [37m/wd/hub/status[39m
[35m[HTTP][39m [90m{}[39m
[35m[HTTP][39m [37m<-- GET /wd/hub/status [39m[32m200[39m [90m10 ms - 68[39m
[35m[HTTP][39m [90m[39m
[35m[HTTP][39m [37m-->[39m [37mGET[39m [37m/wd/hub/status[39m
[35m[HTTP][39m [90m{}[39m
[35m[HTTP][39m [37m<-- GET /wd/hub/status [39m[32m200[39m [90m3 ms - 68[39m
[35m[HTTP][39m [90m[39m
[35m[HTTP][39m [37m-->[39m [37mPOST[39m [37m/wd/hub/session[39m
[35m[HTTP][39m [90m{"desiredCapabilities":{"appActivity":".Settings","appPackage":"com.android.settings","newCommandTimeout":1800,"platformVersion":"10","automationName":"uiautomator2","autoGrantPermissions":true,"platformName":"Android","udid":"emulator-5554","deviceName":"emulator-5554 (Android SDK built for x86 - Android 10)","platform":"ANDROID","systemPort":8297},"capabilities":{"firstMatch":[{"appium:appActivity":".Settings","appium:appPackage":"com.android.settings","appium:autoGrantPermissions":true,"appium:automationName":"uiautomator2","appium:deviceName":"emulator-5554 (Android SDK built for x86 - Android 10)","appium:newCommandTimeout":1800,"platform":"ANDROID","platformName":"android","appium:platformVersion":"10","appium:systemPort":8297,"appium:udid":"emulator-5554"}]}}[39m
[35m[BaseDriver][39m The following capabilities are not standard capabilities and should have an extension prefix:
[35m[BaseDriver][39m   platform
[35m[BaseDriver][39m   chromedriverPort
[35m[Appium][39m Appium v1.22.3 creating new AndroidUiautomator2Driver (v1.70.1) session
[35m[BaseDriver][39m The following capabilities were provided, but are not recognized by Appium:
[35m[BaseDriver][39m   platform
[35m[BaseDriver][39m Session created with session id: d2ede812-8991-4c1d-92f0-3b3c34335240
[35m[UiAutomator2][39m Starting 'com.android.settings' directly on the device
[35m[ADB][39m Found 1 'build-tools' folders under 'C:\Users\Dony\.katalon\tools\android_sdk' (newest first):
[35m[ADB][39m     C:/Users/Dony/.katalon/tools/android_sdk/build-tools/29.0.3
[35m[ADB][39m Using 'adb.exe' from 'C:\Users\Dony\.katalon\tools\android_sdk\platform-tools\adb.exe'
[35m[AndroidDriver][39m Retrieving device list
[35m[AndroidDriver][39m Using device: emulator-5554
[35m[ADB][39m Using 'adb.exe' from 'C:\Users\Dony\.katalon\tools\android_sdk\platform-tools\adb.exe'
[35m[ADB][39m Getting device platform version
[35m[UiAutomator2][39m Relaxing hidden api policy
[35m[AndroidDriver][39m No app sent in, not parsing package/activity
[35m[ADB][39m Using 'apksigner.jar' from 'C:\Users\Dony\.katalon\tools\android_sdk\build-tools\29.0.3\lib\apksigner.jar'
[35m[ADB][39m 'C:\Users\Dony\AppData\Roaming\npm\node_modules\appium\node_modules\appium-uiautomator2-server\apks\appium-uiautomator2-server-v4.27.0.apk' is signed with the default certificate
[35m[ADB][39m 'C:\Users\Dony\AppData\Roaming\npm\node_modules\appium\node_modules\appium-uiautomator2-server\apks\appium-uiautomator2-server-debug-androidTest.apk' is signed with the default certificate
[35m[UiAutomator2][39m Server packages are not going to be (re)installed
[35m[ADB][39m Adding packages ["io.appium.settings","io.appium.uiautomator2.server","io.appium.uiautomator2.server.test"] to Doze whitelist
[35m[UiAutomator2][39m Starting UIAutomator2 server 4.27.0
[35m[UiAutomator2][39m Using UIAutomator2 server from 'C:\Users\Dony\AppData\Roaming\npm\node_modules\appium\node_modules\appium-uiautomator2-server\apks\appium-uiautomator2-server-v4.27.0.apk' and test from 'C:\Users\Dony\AppData\Roaming\npm\node_modules\appium\node_modules\appium-uiautomator2-server\apks\appium-uiautomator2-server-debug-androidTest.apk'
[35m[UiAutomator2][39m Waiting up to 30000ms for UiAutomator2 to be online...
[35m[WD Proxy][39m socket hang up
[35m[WD Proxy][39m socket hang up
[35m[WD Proxy][39m socket hang up
[35m[WD Proxy][39m Determined the downstream protocol as 'W3C'
[35m[AndroidDriver][39m Screen already unlocked, doing nothing
[35m[UiAutomator2][39m Starting 'com.android.settings/.Settings and waiting for 'com.android.settings/.Settings'
[35m[Appium][39m New AndroidUiautomator2Driver session created successfully, session d2ede812-8991-4c1d-92f0-3b3c34335240 added to master session list
[35m[HTTP][39m [37m<-- POST /wd/hub/session [39m[32m200[39m [90m11524 ms - 1206[39m
[35m[HTTP][39m [90m[39m
[35m[HTTP][39m [37m-->[39m [37mGET[39m [37m/wd/hub/session/d2ede812-8991-4c1d-92f0-3b3c34335240[39m
[35m[HTTP][39m [90m{}[39m
[35m[HTTP][39m [37m<-- GET /wd/hub/session/d2ede812-8991-4c1d-92f0-3b3c34335240 [39m[32m200[39m [90m41 ms - 1160[39m
[35m[HTTP][39m [90m[39m
[35m[HTTP][39m [37m-->[39m [37mGET[39m [37m/wd/hub/session/d2ede812-8991-4c1d-92f0-3b3c34335240[39m
[35m[HTTP][39m [90m{}[39m
[35m[HTTP][39m [37m<-- GET /wd/hub/session/d2ede812-8991-4c1d-92f0-3b3c34335240 [39m[32m200[39m [90m63 ms - 1160[39m
[35m[HTTP][39m [90m[39m
[35m[HTTP][39m [37m-->[39m [37mGET[39m [37m/wd/hub/status[39m
[35m[HTTP][39m [90m{}[39m
[35m[HTTP][39m [37m<-- GET /wd/hub/status [39m[32m200[39m [90m2 ms - 68[39m
[35m[HTTP][39m [90m[39m
[35m[HTTP][39m [37m-->[39m [37mPOST[39m [37m/wd/hub/session/d2ede812-8991-4c1d-92f0-3b3c34335240/timeouts[39m
[35m[HTTP][39m [90m{"implicit":60000}[39m
[35m[HTTP][39m [37m<-- POST /wd/hub/session/d2ede812-8991-4c1d-92f0-3b3c34335240/timeouts [39m[32m200[39m [90m6 ms - 14[39m
[35m[HTTP][39m [90m[39m
[35m[HTTP][39m [37m-->[39m [37mGET[39m [37m/wd/hub/session/d2ede812-8991-4c1d-92f0-3b3c34335240/screenshot[39m
[35m[HTTP][39m [90m{}[39m
[35m[HTTP][39m [37m<-- GET /wd/hub/session/d2ede812-8991-4c1d-92f0-3b3c34335240/screenshot [39m[32m200[39m [90m3171 ms - 849298[39m
[35m[HTTP][39m [90m[39m
[35m[HTTP][39m [37m-->[39m [37mGET[39m [37m/wd/hub/session/d2ede812-8991-4c1d-92f0-3b3c34335240/window/rect[39m
[35m[HTTP][39m [90m{}[39m
[35m[HTTP][39m [37m<-- GET /wd/hub/session/d2ede812-8991-4c1d-92f0-3b3c34335240/window/rect [39m[32m200[39m [90m226 ms - 50[39m
[35m[HTTP][39m [90m[39m
[35m[HTTP][39m [37m-->[39m [37mGET[39m [37m/wd/hub/session/d2ede812-8991-4c1d-92f0-3b3c34335240/appium/device/system_bars[39m
[35m[HTTP][39m [90m{}[39m
[35m[HTTP][39m [37m<-- GET /wd/hub/session/d2ede812-8991-4c1d-92f0-3b3c34335240/appium/device/system_bars [39m[32m200[39m [90m359 ms - 148[39m
[35m[HTTP][39m [90m[39m
[35m[HTTP][39m [37m-->[39m [37mPOST[39m [37m/wd/hub/session/d2ede812-8991-4c1d-92f0-3b3c34335240/appium/device/activate_app[39m
[35m[HTTP][39m [90m{"bundleId":"com.duolingo"}[39m
[35m[HTTP][39m [37m<-- POST /wd/hub/session/d2ede812-8991-4c1d-92f0-3b3c34335240/appium/device/activate_app [39m[32m200[39m [90m1043 ms - 14[39m
[35m[HTTP][39m [90m[39m
[35m[HTTP][39m [37m-->[39m [37mGET[39m [37m/wd/hub/session/d2ede812-8991-4c1d-92f0-3b3c34335240/source[39m
[35m[HTTP][39m [90m{}[39m
[35m[W3C (d2ede812)][39m Driver proxy active, passing request on via HTTP proxy
[35m[WD Proxy][39m Replacing sessionId ae068851-b0cf-4b7c-92b2-74e83ee3451f with d2ede812-8991-4c1d-92f0-3b3c34335240
[35m[HTTP][39m [37m<-- GET /wd/hub/session/d2ede812-8991-4c1d-92f0-3b3c34335240/source [39m[32m200[39m [90m1345 ms - 18893[39m
[35m[HTTP][39m [90m[39m
[35m[HTTP][39m [37m-->[39m [37mGET[39m [37m/wd/hub/session/d2ede812-8991-4c1d-92f0-3b3c34335240/screenshot[39m
[35m[HTTP][39m [90m{}[39m
[35m[HTTP][39m [37m<-- GET /wd/hub/session/d2ede812-8991-4c1d-92f0-3b3c34335240/screenshot [39m[32m200[39m [90m806 ms - 68194[39m
[35m[HTTP][39m [90m[39m
[35m[HTTP][39m [37m-->[39m [37mGET[39m [37m/wd/hub/session/d2ede812-8991-4c1d-92f0-3b3c34335240/source[39m
[35m[HTTP][39m [90m{}[39m
[35m[W3C (d2ede812)][39m Driver proxy active, passing request on via HTTP proxy
[35m[WD Proxy][39m Replacing sessionId ae068851-b0cf-4b7c-92b2-74e83ee3451f with d2ede812-8991-4c1d-92f0-3b3c34335240
[35m[HTTP][39m [37m<-- GET /wd/hub/session/d2ede812-8991-4c1d-92f0-3b3c34335240/source [39m[32m200[39m [90m594 ms - 8674[39m
[35m[HTTP][39m [90m[39m
[35m[HTTP][39m [37m-->[39m [37mGET[39m [37m/wd/hub/session/d2ede812-8991-4c1d-92f0-3b3c34335240/screenshot[39m
[35m[HTTP][39m [90m{}[39m
[35m[HTTP][39m [37m<-- GET /wd/hub/session/d2ede812-8991-4c1d-92f0-3b3c34335240/screenshot [39m[32m200[39m [90m722 ms - 121430[39m
[35m[HTTP][39m [90m[39m
[35m[HTTP][39m [37m-->[39m [37mPOST[39m [37m/wd/hub/session/d2ede812-8991-4c1d-92f0-3b3c34335240/elements[39m
[35m[HTTP][39m [90m{"using":"xpath","value":"//*[@class = 'android.widget.TextView' and (@text = 'I ALREADY HAVE AN ACCOUNT' or . = 'I ALREADY HAVE AN ACCOUNT') and @resource-id = 'com.duolingo:id/introFlowLoginButton']"}[39m
[35m[HTTP][39m [37m<-- POST /wd/hub/session/d2ede812-8991-4c1d-92f0-3b3c34335240/elements [39m[32m200[39m [90m1726 ms - 139[39m
[35m[HTTP][39m [90m[39m
[35m[HTTP][39m [37m-->[39m [37mGET[39m [37m/wd/hub/session/d2ede812-8991-4c1d-92f0-3b3c34335240/window/rect[39m
[35m[HTTP][39m [90m{}[39m
[35m[HTTP][39m [37m<-- GET /wd/hub/session/d2ede812-8991-4c1d-92f0-3b3c34335240/window/rect [39m[32m200[39m [90m55 ms - 50[39m
[35m[HTTP][39m [90m[39m
[35m[HTTP][39m [37m-->[39m [37mPOST[39m [37m/wd/hub/session/d2ede812-8991-4c1d-92f0-3b3c34335240/elements[39m
[35m[HTTP][39m [90m{"using":"xpath","value":"//*[@class = 'android.widget.TextView' and (@text = 'I ALREADY HAVE AN ACCOUNT' or . = 'I ALREADY HAVE AN ACCOUNT') and @resource-id = 'com.duolingo:id/introFlowLoginButton']"}[39m
[35m[HTTP][39m [37m<-- POST /wd/hub/session/d2ede812-8991-4c1d-92f0-3b3c34335240/elements [39m[32m200[39m [90m238 ms - 139[39m
[35m[HTTP][39m [90m[39m
[35m[HTTP][39m [37m-->[39m [37mGET[39m [37m/wd/hub/session/d2ede812-8991-4c1d-92f0-3b3c34335240/element/00000000-0000-00ed-ffff-ffff0000002a/location[39m
[35m[HTTP][39m [90m{}[39m
[35m[W3C (d2ede812)][39m Driver proxy active, passing request on via HTTP proxy
[35m[WD Proxy][39m Replacing sessionId ae068851-b0cf-4b7c-92b2-74e83ee3451f with d2ede812-8991-4c1d-92f0-3b3c34335240
[35m[HTTP][39m [37m<-- GET /wd/hub/session/d2ede812-8991-4c1d-92f0-3b3c34335240/element/00000000-0000-00ed-ffff-ffff0000002a/location [39m[32m200[39m [90m84 ms - 78[39m
[35m[HTTP][39m [90m[39m
[35m[HTTP][39m [37m-->[39m [37mPOST[39m [37m/wd/hub/session/d2ede812-8991-4c1d-92f0-3b3c34335240/element/00000000-0000-00ed-ffff-ffff0000002a/click[39m
[35m[HTTP][39m [90m{"id":"00000000-0000-00ed-ffff-ffff0000002a"}[39m
[35m[HTTP][39m [37m<-- POST /wd/hub/session/d2ede812-8991-4c1d-92f0-3b3c34335240/element/00000000-0000-00ed-ffff-ffff0000002a/click [39m[32m200[39m [90m1821 ms - 14[39m
[35m[HTTP][39m [90m[39m
[35m[HTTP][39m [37m-->[39m [37mGET[39m [37m/wd/hub/session/d2ede812-8991-4c1d-92f0-3b3c34335240/source[39m
[35m[HTTP][39m [90m{}[39m
[35m[W3C (d2ede812)][39m Driver proxy active, passing request on via HTTP proxy
[35m[WD Proxy][39m Replacing sessionId ae068851-b0cf-4b7c-92b2-74e83ee3451f with d2ede812-8991-4c1d-92f0-3b3c34335240
[35m[HTTP][39m [37m<-- GET /wd/hub/session/d2ede812-8991-4c1d-92f0-3b3c34335240/source [39m[32m200[39m [90m164 ms - 9420[39m
[35m[HTTP][39m [90m[39m
[35m[HTTP][39m [37m-->[39m [37mGET[39m [37m/wd/hub/session/d2ede812-8991-4c1d-92f0-3b3c34335240/screenshot[39m
[35m[HTTP][39m [90m{}[39m
[35m[HTTP][39m [37m<-- GET /wd/hub/session/d2ede812-8991-4c1d-92f0-3b3c34335240/screenshot [39m[32m200[39m [90m492 ms - 125520[39m
[35m[HTTP][39m [90m[39m
[35m[HTTP][39m [37m-->[39m [37mPOST[39m [37m/wd/hub/session/d2ede812-8991-4c1d-92f0-3b3c34335240/elements[39m
[35m[HTTP][39m [90m{"using":"xpath","value":"//*[@class = 'android.widget.EditText' and (@text = 'Username or email' or . = 'Username or email') and @resource-id = 'com.duolingo:id/loginView']"}[39m
[35m[HTTP][39m [37m<-- POST /wd/hub/session/d2ede812-8991-4c1d-92f0-3b3c34335240/elements [39m[32m200[39m [90m143 ms - 139[39m
[35m[HTTP][39m [90m[39m
[35m[HTTP][39m [37m-->[39m [37mGET[39m [37m/wd/hub/session/d2ede812-8991-4c1d-92f0-3b3c34335240/window/rect[39m
[35m[HTTP][39m [90m{}[39m
[35m[HTTP][39m [37m<-- GET /wd/hub/session/d2ede812-8991-4c1d-92f0-3b3c34335240/window/rect [39m[32m200[39m [90m21 ms - 50[39m
[35m[HTTP][39m [90m[39m
[35m[HTTP][39m [37m-->[39m [37mPOST[39m [37m/wd/hub/session/d2ede812-8991-4c1d-92f0-3b3c34335240/elements[39m
[35m[HTTP][39m [90m{"using":"xpath","value":"//*[@class = 'android.widget.EditText' and (@text = 'Username or email' or . = 'Username or email') and @resource-id = 'com.duolingo:id/loginView']"}[39m
[35m[HTTP][39m [37m<-- POST /wd/hub/session/d2ede812-8991-4c1d-92f0-3b3c34335240/elements [39m[32m200[39m [90m122 ms - 139[39m
[35m[HTTP][39m [90m[39m
[35m[HTTP][39m [37m-->[39m [37mGET[39m [37m/wd/hub/session/d2ede812-8991-4c1d-92f0-3b3c34335240/element/00000000-0000-00ee-ffff-ffff00000034/location[39m
[35m[HTTP][39m [90m{}[39m
[35m[W3C (d2ede812)][39m Driver proxy active, passing request on via HTTP proxy
[35m[WD Proxy][39m Replacing sessionId ae068851-b0cf-4b7c-92b2-74e83ee3451f with d2ede812-8991-4c1d-92f0-3b3c34335240
[35m[HTTP][39m [37m<-- GET /wd/hub/session/d2ede812-8991-4c1d-92f0-3b3c34335240/element/00000000-0000-00ee-ffff-ffff00000034/location [39m[32m200[39m [90m20 ms - 77[39m
[35m[HTTP][39m [90m[39m
[35m[HTTP][39m [37m-->[39m [37mPOST[39m [37m/wd/hub/session/d2ede812-8991-4c1d-92f0-3b3c34335240/element/00000000-0000-00ee-ffff-ffff00000034/clear[39m
[35m[HTTP][39m [90m{"id":"00000000-0000-00ee-ffff-ffff00000034"}[39m
[35m[HTTP][39m [37m<-- POST /wd/hub/session/d2ede812-8991-4c1d-92f0-3b3c34335240/element/00000000-0000-00ee-ffff-ffff00000034/clear [39m[32m200[39m [90m22 ms - 14[39m
[35m[HTTP][39m [90m[39m
[35m[HTTP][39m [37m-->[39m [37mPOST[39m [37m/wd/hub/session/d2ede812-8991-4c1d-92f0-3b3c34335240/element/00000000-0000-00ee-ffff-ffff00000034/value[39m
[35m[HTTP][39m [90m{"id":"00000000-0000-00ee-ffff-ffff00000034","text":"email@email.com","value":["e","m","a","i","l","@","e","m","a","i","l",".","c","o","m"]}[39m
[35m[HTTP][39m [37m<-- POST /wd/hub/session/d2ede812-8991-4c1d-92f0-3b3c34335240/element/00000000-0000-00ee-ffff-ffff00000034/value [39m[32m200[39m [90m547 ms - 14[39m
[35m[HTTP][39m [90m[39m
[35m[HTTP][39m [37m-->[39m [37mGET[39m [37m/wd/hub/session/d2ede812-8991-4c1d-92f0-3b3c34335240/source[39m
[35m[HTTP][39m [90m{}[39m
[35m[W3C (d2ede812)][39m Driver proxy active, passing request on via HTTP proxy
[35m[WD Proxy][39m Replacing sessionId ae068851-b0cf-4b7c-92b2-74e83ee3451f with d2ede812-8991-4c1d-92f0-3b3c34335240
[35m[HTTP][39m [37m<-- GET /wd/hub/session/d2ede812-8991-4c1d-92f0-3b3c34335240/source [39m[32m200[39m [90m159 ms - 9418[39m
[35m[HTTP][39m [90m[39m
[35m[HTTP][39m [37m-->[39m [37mGET[39m [37m/wd/hub/session/d2ede812-8991-4c1d-92f0-3b3c34335240/screenshot[39m
[35m[HTTP][39m [90m{}[39m
[35m[HTTP][39m [37m<-- GET /wd/hub/session/d2ede812-8991-4c1d-92f0-3b3c34335240/screenshot [39m[32m200[39m [90m513 ms - 128426[39m
[35m[HTTP][39m [90m[39m
[35m[HTTP][39m [37m-->[39m [37mPOST[39m [37m/wd/hub/session/d2ede812-8991-4c1d-92f0-3b3c34335240/elements[39m
[35m[HTTP][39m [90m{"using":"xpath","value":"//*[@class = 'android.widget.EditText' and (@text = 'Password' or . = 'Password') and @resource-id = 'com.duolingo:id/passwordView']"}[39m
[35m[HTTP][39m [37m<-- POST /wd/hub/session/d2ede812-8991-4c1d-92f0-3b3c34335240/elements [39m[32m200[39m [90m115 ms - 139[39m
[35m[HTTP][39m [90m[39m
[35m[HTTP][39m [37m-->[39m [37mGET[39m [37m/wd/hub/session/d2ede812-8991-4c1d-92f0-3b3c34335240/window/rect[39m
[35m[HTTP][39m [90m{}[39m
[35m[HTTP][39m [37m<-- GET /wd/hub/session/d2ede812-8991-4c1d-92f0-3b3c34335240/window/rect [39m[32m200[39m [90m31 ms - 50[39m
[35m[HTTP][39m [90m[39m
[35m[HTTP][39m [37m-->[39m [37mPOST[39m [37m/wd/hub/session/d2ede812-8991-4c1d-92f0-3b3c34335240/elements[39m
[35m[HTTP][39m [90m{"using":"xpath","value":"//*[@class = 'android.widget.EditText' and (@text = 'Password' or . = 'Password') and @resource-id = 'com.duolingo:id/passwordView']"}[39m
[35m[HTTP][39m [37m<-- POST /wd/hub/session/d2ede812-8991-4c1d-92f0-3b3c34335240/elements [39m[32m200[39m [90m123 ms - 139[39m
[35m[HTTP][39m [90m[39m
[35m[HTTP][39m [37m-->[39m [37mGET[39m [37m/wd/hub/session/d2ede812-8991-4c1d-92f0-3b3c34335240/element/00000000-0000-00ee-ffff-ffff00000035/location[39m
[35m[HTTP][39m [90m{}[39m
[35m[W3C (d2ede812)][39m Driver proxy active, passing request on via HTTP proxy
[35m[WD Proxy][39m Replacing sessionId ae068851-b0cf-4b7c-92b2-74e83ee3451f with d2ede812-8991-4c1d-92f0-3b3c34335240
[35m[HTTP][39m [37m<-- GET /wd/hub/session/d2ede812-8991-4c1d-92f0-3b3c34335240/element/00000000-0000-00ee-ffff-ffff00000035/location [39m[32m200[39m [90m23 ms - 77[39m
[35m[HTTP][39m [90m[39m
[35m[HTTP][39m [37m-->[39m [37mPOST[39m [37m/wd/hub/session/d2ede812-8991-4c1d-92f0-3b3c34335240/element/00000000-0000-00ee-ffff-ffff00000035/clear[39m
[35m[HTTP][39m [90m{"id":"00000000-0000-00ee-ffff-ffff00000035"}[39m
[35m[HTTP][39m [37m<-- POST /wd/hub/session/d2ede812-8991-4c1d-92f0-3b3c34335240/element/00000000-0000-00ee-ffff-ffff00000035/clear [39m[32m200[39m [90m24 ms - 14[39m
[35m[HTTP][39m [90m[39m
[35m[HTTP][39m [37m-->[39m [37mPOST[39m [37m/wd/hub/session/d2ede812-8991-4c1d-92f0-3b3c34335240/element/00000000-0000-00ee-ffff-ffff00000035/value[39m
[35m[HTTP][39m [90m{"id":"00000000-0000-00ee-ffff-ffff00000035","text":"123456","value":["1","2","3","4","5","6"]}[39m
[35m[HTTP][39m [37m<-- POST /wd/hub/session/d2ede812-8991-4c1d-92f0-3b3c34335240/element/00000000-0000-00ee-ffff-ffff00000035/value [39m[32m200[39m [90m548 ms - 14[39m
[35m[HTTP][39m [90m[39m
[35m[HTTP][39m [37m-->[39m [37mGET[39m [37m/wd/hub/session/d2ede812-8991-4c1d-92f0-3b3c34335240/source[39m
[35m[HTTP][39m [90m{}[39m
[35m[W3C (d2ede812)][39m Driver proxy active, passing request on via HTTP proxy
[35m[WD Proxy][39m Replacing sessionId ae068851-b0cf-4b7c-92b2-74e83ee3451f with d2ede812-8991-4c1d-92f0-3b3c34335240
[35m[HTTP][39m [37m<-- GET /wd/hub/session/d2ede812-8991-4c1d-92f0-3b3c34335240/source [39m[32m200[39m [90m164 ms - 9427[39m
[35m[HTTP][39m [90m[39m
[35m[HTTP][39m [37m-->[39m [37mGET[39m [37m/wd/hub/session/d2ede812-8991-4c1d-92f0-3b3c34335240/screenshot[39m
[35m[HTTP][39m [90m{}[39m
[35m[HTTP][39m [37m<-- GET /wd/hub/session/d2ede812-8991-4c1d-92f0-3b3c34335240/screenshot [39m[32m200[39m [90m465 ms - 124316[39m
[35m[HTTP][39m [90m[39m
[35m[HTTP][39m [37m-->[39m [37mPOST[39m [37m/wd/hub/session/d2ede812-8991-4c1d-92f0-3b3c34335240/elements[39m
[35m[HTTP][39m [90m{"using":"xpath","value":"//*[@class = 'android.widget.TextView' and (@text = 'SIGN IN' or . = 'SIGN IN') and @resource-id = 'com.duolingo:id/signinButton']"}[39m
[35m[HTTP][39m [37m<-- POST /wd/hub/session/d2ede812-8991-4c1d-92f0-3b3c34335240/elements [39m[32m200[39m [90m128 ms - 139[39m
[35m[HTTP][39m [90m[39m
[35m[HTTP][39m [37m-->[39m [37mGET[39m [37m/wd/hub/session/d2ede812-8991-4c1d-92f0-3b3c34335240/window/rect[39m
[35m[HTTP][39m [90m{}[39m
[35m[HTTP][39m [37m<-- GET /wd/hub/session/d2ede812-8991-4c1d-92f0-3b3c34335240/window/rect [39m[32m200[39m [90m21 ms - 50[39m
[35m[HTTP][39m [90m[39m
[35m[HTTP][39m [37m-->[39m [37mPOST[39m [37m/wd/hub/session/d2ede812-8991-4c1d-92f0-3b3c34335240/elements[39m
[35m[HTTP][39m [90m{"using":"xpath","value":"//*[@class = 'android.widget.TextView' and (@text = 'SIGN IN' or . = 'SIGN IN') and @resource-id = 'com.duolingo:id/signinButton']"}[39m
[35m[HTTP][39m [37m<-- POST /wd/hub/session/d2ede812-8991-4c1d-92f0-3b3c34335240/elements [39m[32m200[39m [90m108 ms - 139[39m
[35m[HTTP][39m [90m[39m
[35m[HTTP][39m [37m-->[39m [37mGET[39m [37m/wd/hub/session/d2ede812-8991-4c1d-92f0-3b3c34335240/element/00000000-0000-00ee-ffff-ffff00000042/location[39m
[35m[HTTP][39m [90m{}[39m
[35m[W3C (d2ede812)][39m Driver proxy active, passing request on via HTTP proxy
[35m[WD Proxy][39m Replacing sessionId ae068851-b0cf-4b7c-92b2-74e83ee3451f with d2ede812-8991-4c1d-92f0-3b3c34335240
[35m[HTTP][39m [37m<-- GET /wd/hub/session/d2ede812-8991-4c1d-92f0-3b3c34335240/element/00000000-0000-00ee-ffff-ffff00000042/location [39m[32m200[39m [90m23 ms - 77[39m
[35m[HTTP][39m [90m[39m
[35m[HTTP][39m [37m-->[39m [37mPOST[39m [37m/wd/hub/session/d2ede812-8991-4c1d-92f0-3b3c34335240/element/00000000-0000-00ee-ffff-ffff00000042/click[39m
[35m[HTTP][39m [90m{"id":"00000000-0000-00ee-ffff-ffff00000042"}[39m
[35m[HTTP][39m [37m<-- POST /wd/hub/session/d2ede812-8991-4c1d-92f0-3b3c34335240/element/00000000-0000-00ee-ffff-ffff00000042/click [39m[32m200[39m [90m677 ms - 14[39m
[35m[HTTP][39m [90m[39m
[35m[HTTP][39m [37m-->[39m [37mGET[39m [37m/wd/hub/session/d2ede812-8991-4c1d-92f0-3b3c34335240/source[39m
[35m[HTTP][39m [90m{}[39m
[35m[W3C (d2ede812)][39m Driver proxy active, passing request on via HTTP proxy
[35m[WD Proxy][39m Replacing sessionId ae068851-b0cf-4b7c-92b2-74e83ee3451f with d2ede812-8991-4c1d-92f0-3b3c34335240
[35m[HTTP][39m [37m<-- GET /wd/hub/session/d2ede812-8991-4c1d-92f0-3b3c34335240/source [39m[32m200[39m [90m290 ms - 9426[39m
[35m[HTTP][39m [90m[39m
[35m[HTTP][39m [37m-->[39m [37mGET[39m [37m/wd/hub/session/d2ede812-8991-4c1d-92f0-3b3c34335240/screenshot[39m
[35m[HTTP][39m [90m{}[39m
[35m[HTTP][39m [37m<-- GET /wd/hub/session/d2ede812-8991-4c1d-92f0-3b3c34335240/screenshot [39m[32m200[39m [90m629 ms - 116504[39m
[35m[HTTP][39m [90m[39m
[35m[HTTP][39m [37m-->[39m [37mGET[39m [37m/wd/hub/session/d2ede812-8991-4c1d-92f0-3b3c34335240/source[39m
[35m[HTTP][39m [90m{}[39m
[35m[W3C (d2ede812)][39m Driver proxy active, passing request on via HTTP proxy
[35m[WD Proxy][39m Replacing sessionId ae068851-b0cf-4b7c-92b2-74e83ee3451f with d2ede812-8991-4c1d-92f0-3b3c34335240
[35m[HTTP][39m [37m<-- GET /wd/hub/session/d2ede812-8991-4c1d-92f0-3b3c34335240/source [39m[32m200[39m [90m159 ms - 9875[39m
[35m[HTTP][39m [90m[39m
[35m[HTTP][39m [37m-->[39m [37mGET[39m [37m/wd/hub/session/d2ede812-8991-4c1d-92f0-3b3c34335240/screenshot[39m
[35m[HTTP][39m [90m{}[39m
[35m[HTTP][39m [37m<-- GET /wd/hub/session/d2ede812-8991-4c1d-92f0-3b3c34335240/screenshot [39m[32m200[39m [90m479 ms - 136668[39m
[35m[HTTP][39m [90m[39m
[35m[HTTP][39m [37m-->[39m [37mPOST[39m [37m/wd/hub/session/d2ede812-8991-4c1d-92f0-3b3c34335240/elements[39m
[35m[HTTP][39m [90m{"using":"xpath","value":"//*[@class = 'android.widget.TextView' and (@text = 'Wrong username or password' or . = 'Wrong username or password') and @resource-id = 'com.duolingo:id/errorMessage']"}[39m
[35m[HTTP][39m [37m<-- POST /wd/hub/session/d2ede812-8991-4c1d-92f0-3b3c34335240/elements [39m[32m200[39m [90m97 ms - 139[39m
[35m[HTTP][39m [90m[39m
[35m[HTTP][39m [37m-->[39m [37mGET[39m [37m/wd/hub/session/d2ede812-8991-4c1d-92f0-3b3c34335240/window/rect[39m
[35m[HTTP][39m [90m{}[39m
[35m[HTTP][39m [37m<-- GET /wd/hub/session/d2ede812-8991-4c1d-92f0-3b3c34335240/window/rect [39m[32m200[39m [90m18 ms - 50[39m
[35m[HTTP][39m [90m[39m
[35m[HTTP][39m [37m-->[39m [37mPOST[39m [37m/wd/hub/session/d2ede812-8991-4c1d-92f0-3b3c34335240/elements[39m
[35m[HTTP][39m [90m{"using":"xpath","value":"//*[@class = 'android.widget.TextView' and (@text = 'Wrong username or password' or . = 'Wrong username or password') and @resource-id = 'com.duolingo:id/errorMessage']"}[39m
[35m[HTTP][39m [37m<-- POST /wd/hub/session/d2ede812-8991-4c1d-92f0-3b3c34335240/elements [39m[32m200[39m [90m85 ms - 139[39m
[35m[HTTP][39m [90m[39m
[35m[HTTP][39m [37m-->[39m [37mGET[39m [37m/wd/hub/session/d2ede812-8991-4c1d-92f0-3b3c34335240/element/00000000-0000-00ee-ffff-ffff00000041/location[39m
[35m[HTTP][39m [90m{}[39m
[35m[W3C (d2ede812)][39m Driver proxy active, passing request on via HTTP proxy
[35m[WD Proxy][39m Replacing sessionId ae068851-b0cf-4b7c-92b2-74e83ee3451f with d2ede812-8991-4c1d-92f0-3b3c34335240
[35m[HTTP][39m [37m<-- GET /wd/hub/session/d2ede812-8991-4c1d-92f0-3b3c34335240/element/00000000-0000-00ee-ffff-ffff00000041/location [39m[32m200[39m [90m22 ms - 77[39m
[35m[HTTP][39m [90m[39m
[35m[HTTP][39m [37m-->[39m [37mGET[39m [37m/wd/hub/session/d2ede812-8991-4c1d-92f0-3b3c34335240/element/00000000-0000-00ee-ffff-ffff00000041/text[39m
[35m[HTTP][39m [90m{}[39m
[35m[W3C (d2ede812)][39m Driver proxy active, passing request on via HTTP proxy
[35m[WD Proxy][39m Replacing sessionId ae068851-b0cf-4b7c-92b2-74e83ee3451f with d2ede812-8991-4c1d-92f0-3b3c34335240
[35m[HTTP][39m [37m<-- GET /wd/hub/session/d2ede812-8991-4c1d-92f0-3b3c34335240/element/00000000-0000-00ee-ffff-ffff00000041/text [39m[32m200[39m [90m17 ms - 89[39m
[35m[HTTP][39m [90m[39m
[35m[HTTP][39m [37m-->[39m [37mGET[39m [37m/wd/hub/session/d2ede812-8991-4c1d-92f0-3b3c34335240/source[39m
[35m[HTTP][39m [90m{}[39m
[35m[W3C (d2ede812)][39m Driver proxy active, passing request on via HTTP proxy
[35m[WD Proxy][39m Replacing sessionId ae068851-b0cf-4b7c-92b2-74e83ee3451f with d2ede812-8991-4c1d-92f0-3b3c34335240
[35m[HTTP][39m [37m<-- GET /wd/hub/session/d2ede812-8991-4c1d-92f0-3b3c34335240/source [39m[32m200[39m [90m151 ms - 9875[39m
[35m[HTTP][39m [90m[39m
[35m[HTTP][39m [37m-->[39m [37mGET[39m [37m/wd/hub/session/d2ede812-8991-4c1d-92f0-3b3c34335240/screenshot[39m
[35m[HTTP][39m [90m{}[39m
[35m[HTTP][39m [37m<-- GET /wd/hub/session/d2ede812-8991-4c1d-92f0-3b3c34335240/screenshot [39m[32m200[39m [90m456 ms - 136172[39m
[35m[HTTP][39m [90m[39m
[35m[HTTP][39m [37m-->[39m [37mGET[39m [37m/wd/hub/session/d2ede812-8991-4c1d-92f0-3b3c34335240/screenshot[39m
[35m[HTTP][39m [90m{}[39m
[35m[HTTP][39m [37m<-- GET /wd/hub/session/d2ede812-8991-4c1d-92f0-3b3c34335240/screenshot [39m[32m200[39m [90m490 ms - 170734[39m
[35m[HTTP][39m [90m[39m
[35m[HTTP][39m [37m-->[39m [37mGET[39m [37m/wd/hub/session/d2ede812-8991-4c1d-92f0-3b3c34335240/source[39m
[35m[HTTP][39m [90m{}[39m
[35m[W3C (d2ede812)][39m Driver proxy active, passing request on via HTTP proxy
[35m[WD Proxy][39m Replacing sessionId ae068851-b0cf-4b7c-92b2-74e83ee3451f with d2ede812-8991-4c1d-92f0-3b3c34335240
[35m[HTTP][39m [37m<-- GET /wd/hub/session/d2ede812-8991-4c1d-92f0-3b3c34335240/source [39m[32m200[39m [90m68 ms - 8061[39m
[35m[HTTP][39m [90m[39m
[35m[HTTP][39m [37m-->[39m [37mGET[39m [37m/wd/hub/session/d2ede812-8991-4c1d-92f0-3b3c34335240/screenshot[39m
[35m[HTTP][39m [90m{}[39m
[35m[HTTP][39m [37m<-- GET /wd/hub/session/d2ede812-8991-4c1d-92f0-3b3c34335240/screenshot [39m[32m200[39m [90m443 ms - 170812[39m
[35m[HTTP][39m [90m[39m
[35m[HTTP][39m [37m-->[39m [37mGET[39m [37m/wd/hub/session/d2ede812-8991-4c1d-92f0-3b3c34335240/source[39m
[35m[HTTP][39m [90m{}[39m
[35m[W3C (d2ede812)][39m Driver proxy active, passing request on via HTTP proxy
[35m[WD Proxy][39m Replacing sessionId ae068851-b0cf-4b7c-92b2-74e83ee3451f with d2ede812-8991-4c1d-92f0-3b3c34335240
[35m[HTTP][39m [37m<-- GET /wd/hub/session/d2ede812-8991-4c1d-92f0-3b3c34335240/source [39m[32m200[39m [90m199 ms - 9875[39m
[35m[HTTP][39m [90m[39m
[35m[HTTP][39m [37m-->[39m [37mGET[39m [37m/wd/hub/session/d2ede812-8991-4c1d-92f0-3b3c34335240/screenshot[39m
[35m[HTTP][39m [90m{}[39m
[35m[HTTP][39m [37m<-- GET /wd/hub/session/d2ede812-8991-4c1d-92f0-3b3c34335240/screenshot [39m[32m200[39m [90m465 ms - 136940[39m
[35m[HTTP][39m [90m[39m
[35m[HTTP][39m [37m-->[39m [37mGET[39m [37m/wd/hub/session/d2ede812-8991-4c1d-92f0-3b3c34335240/screenshot[39m
[35m[HTTP][39m [90m{}[39m
[35m[HTTP][39m [37m<-- GET /wd/hub/session/d2ede812-8991-4c1d-92f0-3b3c34335240/screenshot [39m[32m200[39m [90m481 ms - 136440[39m
[35m[HTTP][39m [90m[39m
[35m[HTTP][39m [37m-->[39m [37mGET[39m [37m/wd/hub/session/d2ede812-8991-4c1d-92f0-3b3c34335240/source[39m
[35m[HTTP][39m [90m{}[39m
[35m[W3C (d2ede812)][39m Driver proxy active, passing request on via HTTP proxy
[35m[WD Proxy][39m Replacing sessionId ae068851-b0cf-4b7c-92b2-74e83ee3451f with d2ede812-8991-4c1d-92f0-3b3c34335240
[35m[HTTP][39m [37m<-- GET /wd/hub/session/d2ede812-8991-4c1d-92f0-3b3c34335240/source [39m[32m200[39m [90m196 ms - 9875[39m
[35m[HTTP][39m [90m[39m
[35m[HTTP][39m [37m-->[39m [37mGET[39m [37m/wd/hub/session/d2ede812-8991-4c1d-92f0-3b3c34335240/screenshot[39m
[35m[HTTP][39m [90m{}[39m
[35m[HTTP][39m [37m<-- GET /wd/hub/session/d2ede812-8991-4c1d-92f0-3b3c34335240/screenshot [39m[32m200[39m [90m449 ms - 136640[39m
[35m[HTTP][39m [90m[39m
[35m[HTTP][39m [37m-->[39m [37mDELETE[39m [37m/wd/hub/session/d2ede812-8991-4c1d-92f0-3b3c34335240[39m
[35m[HTTP][39m [90m{}[39m
[35m[Appium][39m Removing session d2ede812-8991-4c1d-92f0-3b3c34335240 from our master session list
[35m[UiAutomator2][39m Restoring hidden api policy to the device default configuration
[35m[HTTP][39m [37m<-- DELETE /wd/hub/session/d2ede812-8991-4c1d-92f0-3b3c34335240 [39m[32m200[39m [90m430 ms - 14[39m
[35m[HTTP][39m [90m[39m
